Starting logfile for tickerPlant at time: 2021.05.02D17:15:12.088090000
INFO  2021.05.02D17:15:12.091008000  Connection closed: 
INFO  2021.05.02D17:15:12.091048000  time: 2021.05.02D17:15:12.091042000| handle: 0
INFO  2021.05.02D17:15:14.692110000  Connection opened: 
INFO  2021.05.02D17:15:14.692587000  time: 2021.05.02D17:15:14.692571000| user: | PID: 2285| port: 5011| handle: 7
INFO  2021.05.02D17:15:14.692599000  Memory usage of connecting process: 
INFO  2021.05.02D17:15:14.692623000  used:326992; heap:67108864; peak:67108864; wmax:0; mmap:0; mphy:4127072256; syms:746; symw:28052
INFO  2021.05.02D17:15:14.692629000  latest 2 
INFO  2021.05.02D17:15:16.591420000  Connection opened: 
INFO  2021.05.02D17:15:16.592011000  time: 2021.05.02D17:15:16.591994000| user: | PID: 2296| port: 5013| handle: 8
INFO  2021.05.02D17:15:16.592025000  Memory usage of connecting process: 
INFO  2021.05.02D17:15:16.592050000  used:327120; heap:67108864; peak:67108864; wmax:0; mmap:0; mphy:4127072256; syms:746; symw:28052
INFO  2021.05.02D17:15:16.592057000  latest 2 
INFO  2021.05.02D17:15:17.702535000  Connection opened: 
INFO  2021.05.02D17:15:17.704635000  time: 2021.05.02D17:15:17.704612000| user: | PID: 2306| port: 5015| handle: 9
INFO  2021.05.02D17:15:17.704650000  Memory usage of connecting process: 
INFO  2021.05.02D17:15:17.704680000  used:328352; heap:67108864; peak:67108864; wmax:0; mmap:0; mphy:4127072256; syms:748; symw:28104
INFO  2021.05.02D17:15:17.704689000  latest 2 
INFO  2021.05.02D17:15:20.713623000  Connection opened: 
INFO  2021.05.02D17:15:20.714736000  time: 2021.05.02D17:15:20.714709000| user: | PID: 2314| port: 5014| handle: 10
INFO  2021.05.02D17:15:20.714748000  Memory usage of connecting process: 
INFO  2021.05.02D17:15:20.714780000  used:328928; heap:67108864; peak:67108864; wmax:0; mmap:0; mphy:4127072256; syms:750; symw:28152
INFO  2021.05.02D17:15:20.714789000  latest 2 
