Starting logfile for tickerPlant at time: 2021.03.08D22:40:05.254440000
INFO  2021.03.08D22:40:59.097982000  Connection opened: 
INFO  2021.03.08D22:40:59.098931000  time: 2021.03.08D22:40:59.098898000| user: | PID: 45070| port: 5011| handle: 7
INFO  2021.03.08D22:40:59.098965000  Memory usage of connecting process: 
INFO  2021.03.08D22:40:59.099007000  used:322928; heap:67108864; peak:67108864; wmax:0; mmap:0; mphy:4127133696; syms:720; symw:26904
INFO  2021.03.08D22:40:59.099020000  latest 2 
INFO  2021.03.08D22:41:25.940667000  Connection opened: 
INFO  2021.03.08D22:41:25.943798000  time: 2021.03.08D22:41:25.943750000| user: | PID: 45083| port: 5013| handle: 8
INFO  2021.03.08D22:41:25.943851000  Memory usage of connecting process: 
INFO  2021.03.08D22:41:25.943906000  used:323056; heap:67108864; peak:67108864; wmax:0; mmap:0; mphy:4127133696; syms:720; symw:26904
INFO  2021.03.08D22:41:25.943924000  latest 2 
INFO  2021.03.08D22:41:36.460251000  Connection opened: 
INFO  2021.03.08D22:41:36.465104000  time: 2021.03.08D22:41:36.465073000| user: | PID: 45090| port: 5015| handle: 9
INFO  2021.03.08D22:41:36.465134000  Memory usage of connecting process: 
INFO  2021.03.08D22:41:36.465175000  used:324352; heap:67108864; peak:67108864; wmax:0; mmap:0; mphy:4127133696; syms:723; symw:26981
INFO  2021.03.08D22:41:36.465189000  latest 2 
INFO  2021.03.08D22:42:03.756257000  Connection opened: 
INFO  2021.03.08D22:42:03.757346000  time: 2021.03.08D22:42:03.757319000| user: | PID: 45093| port: 5014| handle: 10
INFO  2021.03.08D22:42:03.757361000  Memory usage of connecting process: 
INFO  2021.03.08D22:42:03.757394000  used:325440; heap:67108864; peak:67108864; wmax:0; mmap:0; mphy:4127133696; syms:727; symw:27077
INFO  2021.03.08D22:42:03.757407000  latest 2 
INFO  2021.03.08D22:42:57.439467000  Connection closed: 
INFO  2021.03.08D22:42:57.439583000  time: 2021.03.08D22:42:57.439577000| handle: 10
INFO  2021.03.08D22:43:00.243035000  Connection closed: 
INFO  2021.03.08D22:43:00.243194000  time: 2021.03.08D22:43:00.243187000| handle: 9
INFO  2021.03.08D22:43:05.145707000  Connection closed: 
INFO  2021.03.08D22:43:05.145785000  time: 2021.03.08D22:43:05.145782000| handle: 8
INFO  2021.03.08D22:43:08.462922000  Connection closed: 
INFO  2021.03.08D22:43:08.463018000  time: 2021.03.08D22:43:08.463013000| handle: 7
