Starting logfile for tickerPlant at time: 2021.03.24D00:36:20.717993000
INFO  2021.03.24D00:41:26.101190000  Connection opened: 
INFO  2021.03.24D00:41:26.104760000  time: 2021.03.24D00:41:26.104724000| user: | PID: 2809| port: 5011| handle: 7
INFO  2021.03.24D00:41:26.104817000  Memory usage of connecting process: 
INFO  2021.03.24D00:41:26.104858000  used:322928; heap:67108864; peak:67108864; wmax:0; mmap:0; mphy:4127088640; syms:733; symw:27400
INFO  2021.03.24D00:41:26.104870000  latest 2 
INFO  2021.03.24D00:41:30.144921000  Connection opened: 
INFO  2021.03.24D00:41:30.147414000  time: 2021.03.24D00:41:30.147379000| user: | PID: 2813| port: 5013| handle: 8
INFO  2021.03.24D00:41:30.147715000  Memory usage of connecting process: 
INFO  2021.03.24D00:41:30.147771000  used:323056; heap:67108864; peak:67108864; wmax:0; mmap:0; mphy:4127088640; syms:733; symw:27400
INFO  2021.03.24D00:41:30.147783000  latest 2 
INFO  2021.03.24D00:41:36.609632000  Connection opened: 
INFO  2021.03.24D00:41:36.614511000  time: 2021.03.24D00:41:36.614479000| user: | PID: 2863| port: 5015| handle: 9
INFO  2021.03.24D00:41:36.614563000  Memory usage of connecting process: 
INFO  2021.03.24D00:41:36.614603000  used:324288; heap:67108864; peak:67108864; wmax:0; mmap:0; mphy:4127088640; syms:735; symw:27452
INFO  2021.03.24D00:41:36.614616000  latest 2 
INFO  2021.03.24D00:41:45.279881000  Connection opened: 
INFO  2021.03.24D00:41:45.283126000  time: 2021.03.24D00:41:45.283084000| user: | PID: 2915| port: 5014| handle: 10
INFO  2021.03.24D00:41:45.283152000  Memory usage of connecting process: 
INFO  2021.03.24D00:41:45.283330000  used:324864; heap:67108864; peak:67108864; wmax:0; mmap:0; mphy:4127088640; syms:738; symw:27524
INFO  2021.03.24D00:41:45.283352000  latest 2 
