Starting logfile for tickerPlant at time: 2021.05.16D21:07:54.996745000
INFO  2021.05.16D21:07:55.002758000  Connection closed: 
INFO  2021.05.16D21:07:55.002805000  time: 2021.05.16D21:07:55.002799000| handle: 0
INFO  2021.05.16D21:07:58.085579000  Connection opened: 
INFO  2021.05.16D21:07:58.086336000  time: 2021.05.16D21:07:58.086310000| user: | PID: 103868| port: 5011| handle: 7
INFO  2021.05.16D21:07:58.086358000  Memory usage of connecting process: 
INFO  2021.05.16D21:07:58.086392000  used:326960; heap:67108864; peak:67108864; wmax:0; mmap:0; mphy:4127068160; syms:722; symw:26950
INFO  2021.05.16D21:07:58.086403000  latest 2 
INFO  2021.05.16D21:08:00.194873000  Connection opened: 
INFO  2021.05.16D21:08:00.195968000  time: 2021.05.16D21:08:00.195928000| user: | PID: 103881| port: 5013| handle: 8
INFO  2021.05.16D21:08:00.196011000  Memory usage of connecting process: 
INFO  2021.05.16D21:08:00.196062000  used:327088; heap:67108864; peak:67108864; wmax:0; mmap:0; mphy:4127068160; syms:722; symw:26950
INFO  2021.05.16D21:08:00.196078000  latest 2 
INFO  2021.05.16D21:08:01.258333000  Connection opened: 
INFO  2021.05.16D21:08:01.276751000  time: 2021.05.16D21:08:01.276709000| user: | PID: 103892| port: 5015| handle: 9
INFO  2021.05.16D21:08:01.276790000  Memory usage of connecting process: 
INFO  2021.05.16D21:08:01.276844000  used:328320; heap:67108864; peak:67108864; wmax:0; mmap:0; mphy:4127068160; syms:724; symw:27002
INFO  2021.05.16D21:08:01.276862000  latest 2 
INFO  2021.05.16D21:08:04.340646000  Connection opened: 
INFO  2021.05.16D21:08:04.344391000  time: 2021.05.16D21:08:04.344338000| user: | PID: 103901| port: 5014| handle: 10
INFO  2021.05.16D21:08:04.344425000  Memory usage of connecting process: 
INFO  2021.05.16D21:08:04.344481000  used:328896; heap:67108864; peak:67108864; wmax:0; mmap:0; mphy:4127068160; syms:726; symw:27050
INFO  2021.05.16D21:08:04.344500000  latest 2 
INFO  2021.05.16D21:15:46.944581000  Connection closed: 
INFO  2021.05.16D21:15:46.944687000  time: 2021.05.16D21:15:46.944682000| handle: 9
INFO  2021.05.16D21:24:23.295310000  Connection opened: 
INFO  2021.05.16D21:24:23.300178000  time: 2021.05.16D21:24:23.300128000| user: | PID: 104579| port: 0| handle: 9
INFO  2021.05.16D21:24:23.300242000  Memory usage of connecting process: 
INFO  2021.05.16D21:24:23.300299000  used:328720; heap:67108864; peak:67108864; wmax:0; mmap:0; mphy:4127068160; syms:729; symw:27123
INFO  2021.05.16D21:24:23.300316000  latest 2 
INFO  2021.05.16D21:24:56.891279000  Connection closed: 
INFO  2021.05.16D21:24:56.891372000  time: 2021.05.16D21:24:56.891368000| handle: 9
INFO  2021.05.16D21:24:58.549527000  Connection opened: 
INFO  2021.05.16D21:24:58.561286000  time: 2021.05.16D21:24:58.561245000| user: | PID: 104598| port: 0| handle: 9
INFO  2021.05.16D21:24:58.561343000  Memory usage of connecting process: 
INFO  2021.05.16D21:24:58.561387000  used:328720; heap:67108864; peak:67108864; wmax:0; mmap:0; mphy:4127068160; syms:729; symw:27123
INFO  2021.05.16D21:24:58.561401000  latest 2 
INFO  2021.05.16D21:25:14.233691000  Connection closed: 
INFO  2021.05.16D21:25:14.233797000  time: 2021.05.16D21:25:14.233792000| handle: 9
INFO  2021.05.16D21:26:03.140712000  Connection opened: 
INFO  2021.05.16D21:26:03.149365000  time: 2021.05.16D21:26:03.149316000| user: | PID: 104634| port: 0| handle: 9
INFO  2021.05.16D21:26:03.149431000  Memory usage of connecting process: 
INFO  2021.05.16D21:26:03.149488000  used:328720; heap:67108864; peak:67108864; wmax:0; mmap:0; mphy:4127068160; syms:729; symw:27123
INFO  2021.05.16D21:26:03.149506000  latest 2 
INFO  2021.05.16D21:26:05.141591000  Connection closed: 
INFO  2021.05.16D21:26:05.141692000  time: 2021.05.16D21:26:05.141687000| handle: 9
