Starting logfile for tickerPlant at time: 2021.03.11D19:34:04.333026000
INFO  2021.03.11D19:34:13.302157000  Connection opened: 
INFO  2021.03.11D19:34:13.304257000  time: 2021.03.11D19:34:13.304209000| user: | PID: 59646| port: 5011| handle: 7
INFO  2021.03.11D19:34:13.304306000  Memory usage of connecting process: 
INFO  2021.03.11D19:34:13.304361000  used:327024; heap:67108864; peak:67108864; wmax:0; mmap:0; mphy:4127133696; syms:732; symw:27452
INFO  2021.03.11D19:34:13.304378000  latest 2 
INFO  2021.03.11D19:34:22.433151000  Connection opened: 
INFO  2021.03.11D19:34:22.438267000  time: 2021.03.11D19:34:22.438227000| user: | PID: 59652| port: 5015| handle: 8
INFO  2021.03.11D19:34:22.438296000  Memory usage of connecting process: 
INFO  2021.03.11D19:34:22.438346000  used:328256; heap:67108864; peak:67108864; wmax:0; mmap:0; mphy:4127133696; syms:734; symw:27504
INFO  2021.03.11D19:34:22.438362000  latest 2 
INFO  2021.03.11D19:34:27.698032000  Connection closed: 
INFO  2021.03.11D19:34:27.698132000  time: 2021.03.11D19:34:27.698126000| handle: 8
INFO  2021.03.11D19:57:59.724624000  Connection closed: 
INFO  2021.03.11D19:57:59.724712000  time: 2021.03.11D19:57:59.724707000| handle: 7
INFO  2021.03.14D23:22:39.712662000  Connection opened: 
INFO  2021.03.14D23:22:39.713213000  time: 2021.03.14D23:22:39.713169000| user: | PID: 59908| port: 0| handle: 7
INFO  2021.03.14D23:22:39.713236000  Memory usage of connecting process: 
INFO  2021.03.14D23:22:39.713290000  used:326848; heap:67108864; peak:67108864; wmax:0; mmap:0; mphy:4127133696; syms:741; symw:27873
INFO  2021.03.14D23:22:39.713306000  latest 2 
INFO  2021.03.14D23:31:29.884705000  Connection opened: 
INFO  2021.03.14D23:31:29.887659000  time: 2021.03.14D23:31:29.887613000| user: | PID: 72214| port: 5011| handle: 8
INFO  2021.03.14D23:31:29.887715000  Memory usage of connecting process: 
INFO  2021.03.14D23:31:29.887770000  used:327056; heap:67108864; peak:67108864; wmax:0; mmap:0; mphy:4127133696; syms:746; symw:27995
INFO  2021.03.14D23:31:29.887787000  latest 2 
INFO  2021.03.14D23:50:39.784085000  Connection opened: 
INFO  2021.03.14D23:50:39.784480000  time: 2021.03.14D23:50:39.784447000| user: | PID: 59908| port: 0| handle: 9
INFO  2021.03.14D23:50:39.784503000  Memory usage of connecting process: 
INFO  2021.03.14D23:50:39.784544000  used:328048; heap:67108864; peak:67108864; wmax:0; mmap:0; mphy:4127133696; syms:747; symw:28020
INFO  2021.03.14D23:50:39.784557000  latest 2 
INFO  2021.03.14D23:50:43.970735000  Connection opened: 
INFO  2021.03.14D23:50:43.971320000  time: 2021.03.14D23:50:43.971283000| user: | PID: 59908| port: 0| handle: 10
INFO  2021.03.14D23:50:43.971342000  Memory usage of connecting process: 
INFO  2021.03.14D23:50:43.971386000  used:328080; heap:67108864; peak:67108864; wmax:0; mmap:0; mphy:4127133696; syms:747; symw:28020
INFO  2021.03.14D23:50:43.971398000  latest 2 
INFO  2021.03.14D23:51:59.096512000  Connection closed: 
INFO  2021.03.14D23:51:59.096599000  time: 2021.03.14D23:51:59.096594000| handle: 7
INFO  2021.03.14D23:51:59.096659000  Connection closed: 
INFO  2021.03.14D23:51:59.096682000  time: 2021.03.14D23:51:59.096677000| handle: 9
INFO  2021.03.14D23:51:59.096806000  Connection closed: 
INFO  2021.03.14D23:51:59.096830000  time: 2021.03.14D23:51:59.096826000| handle: 10
INFO  2021.03.14D23:53:32.843176000  Connection opened: 
INFO  2021.03.14D23:53:32.844174000  time: 2021.03.14D23:53:32.844134000| user: | PID: 72427| port: 0| handle: 7
INFO  2021.03.14D23:53:32.844206000  Memory usage of connecting process: 
INFO  2021.03.14D23:53:32.844259000  used:328512; heap:67108864; peak:67108864; wmax:0; mmap:0; mphy:4127133696; syms:747; symw:28020
INFO  2021.03.14D23:53:32.844276000  latest 2 
INFO  2021.03.14D23:53:43.631292000  Connection closed: 
INFO  2021.03.14D23:53:43.631391000  time: 2021.03.14D23:53:43.631385000| handle: 7
INFO  2021.03.15D00:36:27.055101000  Connection closed: 
INFO  2021.03.15D00:36:27.055212000  time: 2021.03.15D00:36:27.055206000| handle: 8
