Starting logfile for tickerPlant at time: 2021.03.26D00:36:08.838372000
INFO  2021.03.26D00:36:08.840220000  Connection closed: 
INFO  2021.03.26D00:36:08.840248000  time: 2021.03.26D00:36:08.840245000| handle: 0
INFO  2021.03.26D00:36:11.903671000  Connection opened: 
INFO  2021.03.26D00:36:11.904537000  time: 2021.03.26D00:36:11.904508000| user: | PID: 25321| port: 5011| handle: 7
INFO  2021.03.26D00:36:11.904573000  Memory usage of connecting process: 
INFO  2021.03.26D00:36:11.904609000  used:326992; heap:67108864; peak:67108864; wmax:0; mmap:0; mphy:4127088640; syms:741; symw:27839
INFO  2021.03.26D00:36:11.904620000  latest 2 
INFO  2021.03.26D00:36:13.979471000  Connection opened: 
INFO  2021.03.26D00:36:13.980247000  time: 2021.03.26D00:36:13.980221000| user: | PID: 25332| port: 5013| handle: 8
INFO  2021.03.26D00:36:13.980284000  Memory usage of connecting process: 
INFO  2021.03.26D00:36:13.980320000  used:327120; heap:67108864; peak:67108864; wmax:0; mmap:0; mphy:4127088640; syms:741; symw:27839
INFO  2021.03.26D00:36:13.980332000  latest 2 
INFO  2021.03.26D00:36:15.063719000  Connection opened: 
INFO  2021.03.26D00:36:15.070019000  time: 2021.03.26D00:36:15.069999000| user: | PID: 25342| port: 5015| handle: 9
INFO  2021.03.26D00:36:15.070041000  Memory usage of connecting process: 
INFO  2021.03.26D00:36:15.070115000  used:328352; heap:67108864; peak:67108864; wmax:0; mmap:0; mphy:4127088640; syms:743; symw:27891
INFO  2021.03.26D00:36:15.070126000  latest 2 
INFO  2021.03.26D00:36:18.117489000  Connection opened: 
INFO  2021.03.26D00:36:18.118401000  time: 2021.03.26D00:36:18.118378000| user: | PID: 25350| port: 5014| handle: 10
INFO  2021.03.26D00:36:18.118415000  Memory usage of connecting process: 
INFO  2021.03.26D00:36:18.118441000  used:328928; heap:67108864; peak:67108864; wmax:0; mmap:0; mphy:4127088640; syms:745; symw:27939
INFO  2021.03.26D00:36:18.118449000  latest 2 
