Starting logfile for tickerPlant at time: 2021.03.09D00:14:26.535221000
INFO  2021.03.09D00:36:42.517479000  Connection closed: 
INFO  2021.03.09D00:36:42.517515000  time: 2021.03.09D00:36:42.517511000| handle: 0
INFO  2021.03.09D00:36:45.628385000  Connection opened: 
INFO  2021.03.09D00:36:45.629328000  time: 2021.03.09D00:36:45.629300000| user: | PID: 45626| port: 5011| handle: 7
INFO  2021.03.09D00:36:45.629355000  Memory usage of connecting process: 
INFO  2021.03.09D00:36:45.629394000  used:326992; heap:67108864; peak:67108864; wmax:0; mmap:0; mphy:4127133696; syms:725; symw:27095
INFO  2021.03.09D00:36:45.629407000  latest 2 
INFO  2021.03.09D00:36:47.702271000  Connection opened: 
INFO  2021.03.09D00:36:47.703074000  time: 2021.03.09D00:36:47.702986000| user: | PID: 45637| port: 5013| handle: 8
INFO  2021.03.09D00:36:47.703103000  Memory usage of connecting process: 
INFO  2021.03.09D00:36:47.703152000  used:327120; heap:67108864; peak:67108864; wmax:0; mmap:0; mphy:4127133696; syms:725; symw:27095
INFO  2021.03.09D00:36:47.703170000  latest 2 
INFO  2021.03.09D00:36:48.733385000  Connection opened: 
INFO  2021.03.09D00:36:48.735347000  time: 2021.03.09D00:36:48.735324000| user: | PID: 45647| port: 5015| handle: 9
INFO  2021.03.09D00:36:48.735366000  Memory usage of connecting process: 
INFO  2021.03.09D00:36:48.735400000  used:328352; heap:67108864; peak:67108864; wmax:0; mmap:0; mphy:4127133696; syms:727; symw:27147
INFO  2021.03.09D00:36:48.735411000  latest 2 
INFO  2021.03.09D00:36:51.866643000  Connection opened: 
INFO  2021.03.09D00:36:51.871312000  time: 2021.03.09D00:36:51.871268000| user: | PID: 45655| port: 5014| handle: 10
INFO  2021.03.09D00:36:51.871342000  Memory usage of connecting process: 
INFO  2021.03.09D00:36:51.871392000  used:328928; heap:67108864; peak:67108864; wmax:0; mmap:0; mphy:4127133696; syms:729; symw:27195
INFO  2021.03.09D00:36:51.871408000  latest 2 
